#
# There is insufficient memory for the Java Runtime Environment to continue.
# Native memory allocation (malloc) failed to allocate 1342576 bytes for Chunk::new
# Possible reasons:
#   The system is out of physical RAM or swap space
#   The process is running with CompressedOops enabled, and the Java Heap may be blocking the growth of the native heap
# Possible solutions:
#   Reduce memory load on the system
#   Increase physical memory or swap space
#   Check if swap backing store is full
#   Decrease Java heap size (-Xmx/-Xms)
#   Decrease number of Java threads
#   Decrease Java thread stack sizes (-Xss)
#   Set larger code cache with -XX:ReservedCodeCacheSize=
#   JVM is running with Unscaled Compressed Oops mode in which the Java heap is
#     placed in the first 4GB address space. The Java Heap base address is the
#     maximum limit for the native heap growth. Please use -XX:HeapBaseMinAddress
#     to set the Java Heap base and to place the Java Heap above 4GB virtual address.
# This output file may be truncated or incomplete.
#
#  Out of Memory Error (allocation.cpp:389), pid=45100, tid=0x000000000000257c
#
# JRE version: OpenJDK Runtime Environment (8.0_242-b01) (build 1.8.0_242-release-1644-b01)
# Java VM: OpenJDK 64-Bit Server VM (25.242-b01 mixed mode windows-amd64 compressed oops)
# Failed to write core dump. Minidumps are not enabled by default on client versions of Windows
#

---------------  T H R E A D  ---------------

Current thread (0x0000000017d23800):  JavaThread "C2 CompilerThread1" daemon [_thread_in_native, id=9596, stack(0x0000000019440000,0x0000000019540000)]

Stack: [0x0000000019440000,0x0000000019540000]
[error occurred during error reporting (printing stack bounds), id 0xc0000005]

Native frames: (J=compiled Java code, j=interpreted, Vv=VM code, C=native code)


Current CompileTask:
C2:3451499 15881 %     4       com.android.tools.r8.dex.n::a @ 330 (1022 bytes)


---------------  P R O C E S S  ---------------

Java Threads: ( => current thread )
  0x000000001fa32800 JavaThread "ForkJoinPool-3-worker-0" daemon [_thread_blocked, id=37052, stack(0x000000002a350000,0x000000002a450000)]
  0x000000001fa32000 JavaThread "ForkJoinPool-3-worker-3" daemon [_thread_blocked, id=31648, stack(0x000000002a250000,0x000000002a350000)]
  0x000000001fa2f800 JavaThread "ForkJoinPool-3-worker-1" daemon [_thread_blocked, id=38216, stack(0x0000000028410000,0x0000000028510000)]
  0x000000001fa2e000 JavaThread "WorkerExecutor Queue Thread 8" [_thread_blocked, id=32304, stack(0x0000000027110000,0x0000000027210000)]
  0x000000001fa29800 JavaThread "WorkerExecutor Queue Thread 7" [_thread_in_Java, id=35192, stack(0x0000000026bb0000,0x0000000026cb0000)]
  0x000000001fa2c000 JavaThread "Cache worker for Java compile cache (C:\Users\Matheus\AndroidStudioProjects\FrasesdoDia\.gradle\6.1.1\javaCompile)" [_thread_blocked, id=13476, stack(0x00000000267b0000,0x00000000268b0000)]
  0x000000001fa2b000 JavaThread "Cache worker for Java compile cache (C:\Users\Matheus\.gradle\caches\6.1.1\javaCompile)" [_thread_blocked, id=848, stack(0x00000000266b0000,0x00000000267b0000)]
  0x000000001fa26800 JavaThread "WorkerExecutor Queue Thread 6" [_thread_blocked, id=26428, stack(0x0000000027f10000,0x0000000028010000)]
  0x000000001fa29000 JavaThread "stdout" [_thread_in_native, id=37868, stack(0x0000000027a10000,0x0000000027b10000)]
  0x000000001fa28000 JavaThread "stderr" [_thread_in_native, id=44736, stack(0x0000000027910000,0x0000000027a10000)]
  0x000000001fa2d800 JavaThread "stdout" [_thread_in_native, id=14616, stack(0x0000000027810000,0x0000000027910000)]
  0x000000001fa2c800 JavaThread "stderr" [_thread_in_native, id=37964, stack(0x0000000027710000,0x0000000027810000)]
  0x000000001fa25800 JavaThread "stdout" [_thread_in_native, id=35528, stack(0x0000000027610000,0x0000000027710000)]
  0x00000000213fd000 JavaThread "stderr" [_thread_in_native, id=44368, stack(0x0000000027510000,0x0000000027610000)]
  0x0000000021238800 JavaThread "stdout" [_thread_in_native, id=12360, stack(0x0000000027410000,0x0000000027510000)]
  0x000000002123a000 JavaThread "stderr" [_thread_in_native, id=13760, stack(0x0000000027310000,0x0000000027410000)]
  0x0000000021235800 JavaThread "pool-4-thread-1" [_thread_blocked, id=18016, stack(0x00000000268b0000,0x00000000269b0000)]
  0x0000000021234000 JavaThread "MarlinRenderer Disposer" daemon [_thread_blocked, id=18040, stack(0x0000000027210000,0x0000000027310000)]
  0x0000000021239800 JavaThread "Java2D Disposer" daemon [_thread_blocked, id=45548, stack(0x0000000026cb0000,0x0000000026db0000)]
  0x0000000021232000 JavaThread "WorkerExecutor Queue" [_thread_blocked, id=29256, stack(0x00000000263b0000,0x00000000264b0000)]
  0x0000000021231000 JavaThread "Cache worker for execution history cache (C:\Users\Matheus\AndroidStudioProjects\FrasesdoDia\.gradle\6.1.1\executionHistory)" [_thread_blocked, id=25028, stack(0x000000001fe20000,0x000000001ff20000)]
  0x000000002122d800 JavaThread "Execution worker for ':' Thread 3" [_thread_blocked, id=18676, stack(0x00000000262b0000,0x00000000263b0000)]
  0x000000002122b000 JavaThread "Execution worker for ':' Thread 2" [_thread_blocked, id=33428, stack(0x00000000261b0000,0x00000000262b0000)]
  0x000000002122f000 JavaThread "Execution worker for ':'" [_thread_blocked, id=42916, stack(0x00000000260b0000,0x00000000261b0000)]
  0x000000002122c800 JavaThread "Cache worker for file content cache (C:\Users\Matheus\AndroidStudioProjects\FrasesdoDia\.gradle\6.1.1\fileContent)" [_thread_blocked, id=2068, stack(0x00000000244f0000,0x00000000245f0000)]
  0x000000002122e000 JavaThread "Cache worker for file content cache (C:\Users\Matheus\.gradle\caches\6.1.1\fileContent)" [_thread_blocked, id=46668, stack(0x0000000023fc0000,0x00000000240c0000)]
  0x000000002122f800 JavaThread "Memory manager" [_thread_blocked, id=2960, stack(0x0000000023ab0000,0x0000000023bb0000)]
  0x000000001afb1000 JavaThread "Cache worker for Build Output Cleanup Cache (C:\Users\Matheus\AndroidStudioProjects\FrasesdoDia\.gradle\buildOutputCleanup)" [_thread_blocked, id=48356, stack(0x00000000231b0000,0x00000000232b0000)]
  0x000000001afb8000 JavaThread "Build operations Thread 4" [_thread_blocked, id=34416, stack(0x0000000022ab0000,0x0000000022bb0000)]
  0x000000001afb2000 JavaThread "Build operations Thread 3" [_thread_blocked, id=17684, stack(0x00000000229b0000,0x0000000022ab0000)]
  0x000000001afb3800 JavaThread "Build operations Thread 2" [_thread_blocked, id=47404, stack(0x00000000228b0000,0x00000000229b0000)]
  0x000000001afb6800 JavaThread "Build operations" [_thread_blocked, id=43736, stack(0x0000000020940000,0x0000000020a40000)]
  0x00000000213fb800 JavaThread "Cache worker for cache directory md-rule (C:\Users\Matheus\.gradle\caches\6.1.1\md-rule)" [_thread_blocked, id=39548, stack(0x0000000020720000,0x0000000020820000)]
  0x0000000021401800 JavaThread "Cache worker for cache directory md-supplier (C:\Users\Matheus\.gradle\caches\6.1.1\md-supplier)" [_thread_blocked, id=1900, stack(0x0000000020620000,0x0000000020720000)]
  0x0000000021400800 JavaThread "Cache worker for file hash cache (C:\Users\Matheus\AndroidStudioProjects\FrasesdoDia\.gradle\6.1.1\fileHashes)" [_thread_blocked, id=27184, stack(0x0000000020520000,0x0000000020620000)]
  0x00000000213fd800 JavaThread "Cache worker for checksums cache (C:\Users\Matheus\AndroidStudioProjects\FrasesdoDia\.gradle\checksums)" [_thread_blocked, id=40060, stack(0x0000000020420000,0x0000000020520000)]
  0x00000000213f8800 JavaThread "Thread-28" [_thread_blocked, id=27428, stack(0x000000001ff20000,0x0000000020020000)]
  0x00000000213ff000 JavaThread "Asynchronous log dispatcher for DefaultDaemonConnection: socket connection from /127.0.0.1:51006 to /127.0.0.1:51299" [_thread_blocked, id=15240, stack(0x000000001c8b0000,0x000000001c9b0000)]
  0x00000000213f3000 JavaThread "Daemon worker Thread 2" [_thread_blocked, id=43868, stack(0x000000001c7b0000,0x000000001c8b0000)]
  0x00000000213f9000 JavaThread "Cancel handler" [_thread_blocked, id=12724, stack(0x000000001c5b0000,0x000000001c6b0000)]
  0x00000000213fa000 JavaThread "Handler for socket connection from /127.0.0.1:51006 to /127.0.0.1:51299" [_thread_in_native, id=20612, stack(0x000000001c4b0000,0x000000001c5b0000)]
  0x00000000213f2800 JavaThread "Daemon Thread 2" [_thread_blocked, id=7896, stack(0x000000001bb50000,0x000000001bc50000)]
  0x000000001afb6000 JavaThread "Cache worker for execution history cache (C:\Users\Matheus\.gradle\caches\6.1.1\executionHistory)" [_thread_blocked, id=21376, stack(0x0000000020840000,0x0000000020940000)]
  0x000000001afb5000 JavaThread "Cache worker for file hash cache (C:\Users\Matheus\.gradle\caches\6.1.1\fileHashes)" [_thread_blocked, id=36716, stack(0x000000001db80000,0x000000001dc80000)]
  0x000000001afb7800 JavaThread "File lock request listener" [_thread_in_native, id=11076, stack(0x000000001c6b0000,0x000000001c7b0000)]
  0x000000001afb2800 JavaThread "Cache worker for journal cache (C:\Users\Matheus\.gradle\caches\journal-1)" [_thread_blocked, id=25012, stack(0x000000001bd50000,0x000000001be50000)]
  0x000000001a504800 JavaThread "Daemon periodic checks" [_thread_blocked, id=19904, stack(0x000000001c050000,0x000000001c150000)]
  0x00000000195bd000 JavaThread "Incoming local TCP Connector on port 51006" [_thread_in_native, id=40048, stack(0x000000001bc50000,0x000000001bd50000)]
  0x000000001adba800 JavaThread "SeedGenerator Thread" daemon [_thread_blocked, id=40032, stack(0x000000001ba50000,0x000000001bb50000)]
  0x000000001a196000 JavaThread "Daemon health stats" [_thread_blocked, id=28104, stack(0x000000001b410000,0x000000001b510000)]
  0x0000000017d2d800 JavaThread "Service Thread" daemon [_thread_blocked, id=14356, stack(0x0000000019a40000,0x0000000019b40000)]
  0x0000000019548800 JavaThread "C1 CompilerThread2" daemon [_thread_blocked, id=31420, stack(0x0000000019940000,0x0000000019a40000)]
=>0x0000000017d23800 JavaThread "C2 CompilerThread1" daemon [_thread_in_native, id=9596, stack(0x0000000019440000,0x0000000019540000)]
  0x0000000017cd4800 JavaThread "C2 CompilerThread0" daemon [_thread_in_native, id=33352, stack(0x0000000019340000,0x0000000019440000)]
  0x0000000017cd3800 JavaThread "Attach Listener" daemon [_thread_blocked, id=7100, stack(0x0000000019240000,0x0000000019340000)]
  0x0000000017cd2000 JavaThread "Signal Dispatcher" daemon [_thread_blocked, id=12260, stack(0x0000000019140000,0x0000000019240000)]
  0x00000000030ab000 JavaThread "Finalizer" daemon [_thread_blocked, id=26352, stack(0x0000000018f30000,0x0000000019030000)]
  0x0000000017cb9000 JavaThread "Reference Handler" daemon [_thread_blocked, id=22728, stack(0x0000000018e30000,0x0000000018f30000)]
  0x0000000002fae800 JavaThread "main" [_thread_blocked, id=45824, stack(0x0000000002dd0000,0x0000000002ed0000)]

Other Threads:
  0x0000000017c97000 VMThread [stack: 0x0000000018d30000,0x0000000018e30000] [id=10412]
  0x0000000019549000 WatcherThread [stack: 0x0000000019b40000,0x0000000019c40000] [id=29128]

VM state:not at safepoint (normal execution)

VM Mutex/Monitor currently owned by a thread: None

heap address: 0x0000000080000000, size: 2048 MB, Compressed Oops mode: 32-bit
Narrow klass base: 0x0000000000000000, Narrow klass shift: 3
Compressed class space size: 1073741824 Address: 0x0000000100000000

Heap:
 PSYoungGen      total 109056K, used 45051K [0x00000000d5580000, 0x00000000dfe80000, 0x0000000100000000)
  eden space 74752K, 14% used [0x00000000d5580000,0x00000000d6003b58,0x00000000d9e80000)
  from space 34304K, 99% used [0x00000000d9e80000,0x00000000dbffb460,0x00000000dc000000)
  to   space 43008K, 0% used [0x00000000dd480000,0x00000000dd480000,0x00000000dfe80000)
 ParOldGen       total 125440K, used 60697K [0x0000000080000000, 0x0000000087a80000, 0x00000000d5580000)
  object space 125440K, 48% used [0x0000000080000000,0x0000000083b464b8,0x0000000087a80000)
 Metaspace       used 102374K, capacity 107106K, committed 107416K, reserved 1142784K
  class space    used 13432K, capacity 14355K, committed 14512K, reserved 1048576K

Card table byte_map: [0x0000000012470000,0x0000000012880000] byte_map_base: 0x0000000012070000

Marking Bits: (ParMarkBitMap*) 0x00000000603ff030
 Begin Bits: [0x0000000012f30000, 0x0000000014f30000)
 End Bits:   [0x0000000014f30000, 0x0000000016f30000)

Polling page: 0x0000000002d00000

CodeCache: size=245760Kb used=44908Kb max_used=46171Kb free=200851Kb
 bounds [0x00000000030b0000, 0x0000000005e00000, 0x00000000120b0000]
 total_blobs=15072 nmethods=14058 adapters=925
 compilation: enabled

Compilation events (10 events):
Event: 3450.720 Thread 0x0000000019548800 16824       3       com.android.tools.r8.code.c0::a (1 bytes)
Event: 3450.720 Thread 0x0000000019548800 nmethod 16824 0x0000000003b349d0 code [0x0000000003b34b20, 0x0000000003b34c70]
Event: 3450.982 Thread 0x0000000019548800 16832       2       com.android.tools.r8.code.P::a (1 bytes)
Event: 3450.983 Thread 0x0000000019548800 nmethod 16832 0x0000000003c1ca50 code [0x0000000003c1cba0, 0x0000000003c1ccf0]
Event: 3450.991 Thread 0x0000000019548800 16833       2       com.android.tools.r8.code.k0::a (1 bytes)
Event: 3450.991 Thread 0x0000000019548800 nmethod 16833 0x0000000003484e10 code [0x0000000003484f60, 0x00000000034850b0]
Event: 3451.015 Thread 0x0000000019548800 16834       2       com.android.tools.r8.code.d::a (1 bytes)
Event: 3451.016 Thread 0x0000000019548800 nmethod 16834 0x0000000003510f50 code [0x00000000035110a0, 0x00000000035111f0]
Event: 3451.032 Thread 0x0000000019548800 16835       2       com.android.tools.r8.code.c3::a (1 bytes)
Event: 3451.033 Thread 0x0000000019548800 nmethod 16835 0x0000000003f57890 code [0x0000000003f579e0, 0x0000000003f57b30]

GC Heap History (10 events):
Event: 3419.012 GC heap before
{Heap before GC invocations=43 (full 4):
 PSYoungGen      total 96768K, used 20275K [0x00000000d5580000, 0x00000000dd900000, 0x0000000100000000)
  eden space 66560K, 0% used [0x00000000d5580000,0x00000000d5580000,0x00000000d9680000)
  from space 30208K, 67% used [0x00000000d9680000,0x00000000daa4ccd8,0x00000000db400000)
  to   space 30720K, 0% used [0x00000000dbb00000,0x00000000dbb00000,0x00000000dd900000)
 ParOldGen       total 89088K, used 56621K [0x0000000080000000, 0x0000000085700000, 0x00000000d5580000)
  object space 89088K, 63% used [0x0000000080000000,0x000000008374b620,0x0000000085700000)
 Metaspace       used 94349K, capacity 98510K, committed 98600K, reserved 1134592K
  class space    used 12321K, capacity 13191K, committed 13232K, reserved 1048576K
Event: 3427.325 GC heap after
Heap after GC invocations=43 (full 4):
 PSYoungGen      total 96768K, used 0K [0x00000000d5580000, 0x00000000dd900000, 0x0000000100000000)
  eden space 66560K, 0% used [0x00000000d5580000,0x00000000d5580000,0x00000000d9680000)
  from space 30208K, 0% used [0x00000000d9680000,0x00000000d9680000,0x00000000db400000)
  to   space 30720K, 0% used [0x00000000dbb00000,0x00000000dbb00000,0x00000000dd900000)
 ParOldGen       total 125440K, used 47237K [0x0000000080000000, 0x0000000087a80000, 0x00000000d5580000)
  object space 125440K, 37% used [0x0000000080000000,0x0000000082e21520,0x0000000087a80000)
 Metaspace       used 93609K, capacity 97138K, committed 98600K, reserved 1134592K
  class space    used 12167K, capacity 12913K, committed 13232K, reserved 1048576K
}
Event: 3434.226 GC heap before
{Heap before GC invocations=44 (full 4):
 PSYoungGen      total 96768K, used 66560K [0x00000000d5580000, 0x00000000dd900000, 0x0000000100000000)
  eden space 66560K, 100% used [0x00000000d5580000,0x00000000d9680000,0x00000000d9680000)
  from space 30208K, 0% used [0x00000000d9680000,0x00000000d9680000,0x00000000db400000)
  to   space 30720K, 0% used [0x00000000dbb00000,0x00000000dbb00000,0x00000000dd900000)
 ParOldGen       total 125440K, used 47237K [0x0000000080000000, 0x0000000087a80000, 0x00000000d5580000)
  object space 125440K, 37% used [0x0000000080000000,0x0000000082e21520,0x0000000087a80000)
 Metaspace       used 99239K, capacity 103524K, committed 104088K, reserved 1138688K
  class space    used 13055K, capacity 13942K, committed 14000K, reserved 1048576K
Event: 3434.284 GC heap after
Heap after GC invocations=44 (full 4):
 PSYoungGen      total 102912K, used 9639K [0x00000000d5580000, 0x00000000dd800000, 0x0000000100000000)
  eden space 73216K, 0% used [0x00000000d5580000,0x00000000d5580000,0x00000000d9d00000)
  from space 29696K, 32% used [0x00000000dbb00000,0x00000000dc469e10,0x00000000dd800000)
  to   space 30208K, 0% used [0x00000000d9d00000,0x00000000d9d00000,0x00000000dba80000)
 ParOldGen       total 125440K, used 47245K [0x0000000080000000, 0x0000000087a80000, 0x00000000d5580000)
  object space 125440K, 37% used [0x0000000080000000,0x0000000082e23520,0x0000000087a80000)
 Metaspace       used 99239K, capacity 103524K, committed 104088K, reserved 1138688K
  class space    used 13055K, capacity 13942K, committed 14000K, reserved 1048576K
}
Event: 3440.411 GC heap before
{Heap before GC invocations=45 (full 4):
 PSYoungGen      total 102912K, used 82831K [0x00000000d5580000, 0x00000000dd800000, 0x0000000100000000)
  eden space 73216K, 99% used [0x00000000d5580000,0x00000000d9cf9e30,0x00000000d9d00000)
  from space 29696K, 32% used [0x00000000dbb00000,0x00000000dc469e10,0x00000000dd800000)
  to   space 30208K, 0% used [0x00000000d9d00000,0x00000000d9d00000,0x00000000dba80000)
 ParOldGen       total 125440K, used 47245K [0x0000000080000000, 0x0000000087a80000, 0x00000000d5580000)
  object space 125440K, 37% used [0x0000000080000000,0x0000000082e23520,0x0000000087a80000)
 Metaspace       used 101207K, capacity 105902K, committed 106136K, reserved 1140736K
  class space    used 13273K, capacity 14189K, committed 14256K, reserved 1048576K
Event: 3440.470 GC heap after
Heap after GC invocations=45 (full 4):
 PSYoungGen      total 103424K, used 15837K [0x00000000d5580000, 0x00000000ddc80000, 0x0000000100000000)
  eden space 73216K, 0% used [0x00000000d5580000,0x00000000d5580000,0x00000000d9d00000)
  from space 30208K, 52% used [0x00000000d9d00000,0x00000000dac77550,0x00000000dba80000)
  to   space 29184K, 0% used [0x00000000dc000000,0x00000000dc000000,0x00000000ddc80000)
 ParOldGen       total 125440K, used 47253K [0x0000000080000000, 0x0000000087a80000, 0x00000000d5580000)
  object space 125440K, 37% used [0x0000000080000000,0x0000000082e25520,0x0000000087a80000)
 Metaspace       used 101207K, capacity 105902K, committed 106136K, reserved 1140736K
  class space    used 13273K, capacity 14189K, committed 14256K, reserved 1048576K
}
Event: 3445.120 GC heap before
{Heap before GC invocations=46 (full 4):
 PSYoungGen      total 103424K, used 89053K [0x00000000d5580000, 0x00000000ddc80000, 0x0000000100000000)
  eden space 73216K, 100% used [0x00000000d5580000,0x00000000d9d00000,0x00000000d9d00000)
  from space 30208K, 52% used [0x00000000d9d00000,0x00000000dac77550,0x00000000dba80000)
  to   space 29184K, 0% used [0x00000000dc000000,0x00000000dc000000,0x00000000ddc80000)
 ParOldGen       total 125440K, used 47253K [0x0000000080000000, 0x0000000087a80000, 0x00000000d5580000)
  object space 125440K, 37% used [0x0000000080000000,0x0000000082e25520,0x0000000087a80000)
 Metaspace       used 102190K, capacity 106904K, committed 107160K, reserved 1142784K
  class space    used 13430K, capacity 14354K, committed 14512K, reserved 1048576K
Event: 3445.636 GC heap after
Heap after GC invocations=46 (full 4):
 PSYoungGen      total 103936K, used 29179K [0x00000000d5580000, 0x00000000dea00000, 0x0000000100000000)
  eden space 74752K, 0% used [0x00000000d5580000,0x00000000d5580000,0x00000000d9e80000)
  from space 29184K, 99% used [0x00000000dc000000,0x00000000ddc7ef58,0x00000000ddc80000)
  to   space 34304K, 0% used [0x00000000d9e80000,0x00000000d9e80000,0x00000000dc000000)
 ParOldGen       total 125440K, used 50516K [0x0000000080000000, 0x0000000087a80000, 0x00000000d5580000)
  object space 125440K, 40% used [0x0000000080000000,0x0000000083155348,0x0000000087a80000)
 Metaspace       used 102190K, capacity 106904K, committed 107160K, reserved 1142784K
  class space    used 13430K, capacity 14354K, committed 14512K, reserved 1048576K
}
Event: 3449.804 GC heap before
{Heap before GC invocations=47 (full 4):
 PSYoungGen      total 103936K, used 103931K [0x00000000d5580000, 0x00000000dea00000, 0x0000000100000000)
  eden space 74752K, 100% used [0x00000000d5580000,0x00000000d9e80000,0x00000000d9e80000)
  from space 29184K, 99% used [0x00000000dc000000,0x00000000ddc7ef58,0x00000000ddc80000)
  to   space 34304K, 0% used [0x00000000d9e80000,0x00000000d9e80000,0x00000000dc000000)
 ParOldGen       total 125440K, used 50516K [0x0000000080000000, 0x0000000087a80000, 0x00000000d5580000)
  object space 125440K, 40% used [0x0000000080000000,0x0000000083155348,0x0000000087a80000)
 Metaspace       used 102372K, capacity 107042K, committed 107416K, reserved 1142784K
  class space    used 13432K, capacity 14355K, committed 14512K, reserved 1048576K
Event: 3450.235 GC heap after
Heap after GC invocations=47 (full 4):
 PSYoungGen      total 109056K, used 34285K [0x00000000d5580000, 0x00000000dfe80000, 0x0000000100000000)
  eden space 74752K, 0% used [0x00000000d5580000,0x00000000d5580000,0x00000000d9e80000)
  from space 34304K, 99% used [0x00000000d9e80000,0x00000000dbffb460,0x00000000dc000000)
  to   space 43008K, 0% used [0x00000000dd480000,0x00000000dd480000,0x00000000dfe80000)
 ParOldGen       total 125440K, used 60697K [0x0000000080000000, 0x0000000087a80000, 0x00000000d5580000)
  object space 125440K, 48% used [0x0000000080000000,0x0000000083b464b8,0x0000000087a80000)
 Metaspace       used 102372K, capacity 107042K, committed 107416K, reserved 1142784K
  class space    used 13432K, capacity 14355K, committed 14512K, reserved 1048576K
}

Deoptimization events (10 events):
Event: 3445.717 Thread 0x000000001fa32800 Uncommon trap: reason=unstable_if action=reinterpret pc=0x0000000005be72bc method=java.util.TimSort.mergeLo(IIII)V @ 381
Event: 3445.891 Thread 0x000000001fa32800 Uncommon trap: reason=unstable_if action=reinterpret pc=0x0000000005929720 method=com.android.tools.r8.dex.m.c(I)V @ 8
Event: 3447.829 Thread 0x000000002122d800 Uncommon trap: reason=unstable_if action=reinterpret pc=0x0000000004583cd4 method=org.gradle.internal.snapshot.PathUtil.equalChars(CCLorg/gradle/internal/snapshot/CaseSensitivity;)Z @ 40
Event: 3447.958 Thread 0x000000001fa29800 Uncommon trap: reason=unstable_if action=reinterpret pc=0x0000000005a71a5c method=java.nio.Bits.copyToArray(JLjava/lang/Object;JJJ)V @ 19
Event: 3447.985 Thread 0x000000001fa29800 Uncommon trap: reason=class_check action=maybe_recompile pc=0x0000000005ba9228 method=java.util.Spliterators$ArraySpliterator.forEachRemaining(Ljava/util/function/Consumer;)V @ 53
Event: 3447.985 Thread 0x000000001fa29800 Uncommon trap: reason=class_check action=maybe_recompile pc=0x0000000005ba9228 method=java.util.Spliterators$ArraySpliterator.forEachRemaining(Ljava/util/function/Consumer;)V @ 53
Event: 3447.985 Thread 0x000000001fa29800 Uncommon trap: reason=class_check action=maybe_recompile pc=0x0000000005ba9228 method=java.util.Spliterators$ArraySpliterator.forEachRemaining(Ljava/util/function/Consumer;)V @ 53
Event: 3447.985 Thread 0x000000001fa29800 Uncommon trap: reason=class_check action=maybe_recompile pc=0x0000000005ba9228 method=java.util.Spliterators$ArraySpliterator.forEachRemaining(Ljava/util/function/Consumer;)V @ 53
Event: 3448.396 Thread 0x000000001fa2f800 Uncommon trap: reason=unloaded action=reinterpret pc=0x0000000005b74944 method=com.android.tools.r8.code.u1.a(Ljava/nio/ShortBuffer;IILcom/android/tools/r8/graph/I0;)[Lcom/android/tools/r8/code/t1; @ 2164
Event: 3449.543 Thread 0x000000001fa29800 Uncommon trap: reason=unstable_if action=reinterpret pc=0x0000000005bc1108 method=com.android.tools.r8.graph.E.collectIndexedItems(Lcom/android/tools/r8/dex/v;Lcom/android/tools/r8/graph/Z;I)V @ 142

Classes redefined (0 events):
No events

Internal exceptions (10 events):
Event: 3435.480 Thread 0x0000000021232000 Exception <a 'sun/nio/fs/WindowsException'> (0x00000000d63dc948) thrown at [C:\src\AOSP-openjdk-git\hotspot\src\share\vm\prims\jni.cpp, line 710]
Event: 3435.721 Thread 0x0000000021232000 Exception <a 'sun/nio/fs/WindowsException'> (0x00000000d63ee758) thrown at [C:\src\AOSP-openjdk-git\hotspot\src\share\vm\prims\jni.cpp, line 710]
Event: 3436.277 Thread 0x000000002122d800 Implicit null exception at 0x0000000003ebf151 to 0x0000000003ebf381
Event: 3438.297 Thread 0x000000002122b000 Exception <a 'java/lang/NoSuchMethodError': <clinit>> (0x00000000d72b1780) thrown at [C:\src\AOSP-openjdk-git\hotspot\src\share\vm\prims\jni.cpp, line 1615]
Event: 3439.771 Thread 0x000000001fa26800 Exception <a 'sun/nio/fs/WindowsException'> (0x00000000d7fdac20) thrown at [C:\src\AOSP-openjdk-git\hotspot\src\share\vm\prims\jni.cpp, line 710]
Event: 3440.972 Thread 0x000000001fa2f800 Implicit null exception at 0x0000000003b2292f to 0x0000000003b22a1d
Event: 3442.189 Thread 0x000000001fa26800 Implicit null exception at 0x00000000058fd7a2 to 0x00000000058fe191
Event: 3444.620 Thread 0x000000001fa32800 Implicit null exception at 0x000000000598274f to 0x00000000059828b1
Event: 3447.262 Thread 0x000000001fa32800 Exception <a 'sun/nio/fs/WindowsException'> (0x00000000d65d20d0) thrown at [C:\src\AOSP-openjdk-git\hotspot\src\share\vm\prims\jni.cpp, line 710]
Event: 3447.980 Thread 0x000000001fa29800 Exception <a 'sun/nio/fs/WindowsException'> (0x00000000d6783338) thrown at [C:\src\AOSP-openjdk-git\hotspot\src\share\vm\prims\jni.cpp, line 710]

Events (10 events):
Event: 3451.017 Thread 0x0000000019548800 flushing nmethod 0x00000000045a8750
Event: 3451.017 Thread 0x0000000019548800 flushing nmethod 0x00000000045a9690
Event: 3451.018 Thread 0x0000000019548800 flushing nmethod 0x0000000004600a90
Event: 3451.018 Thread 0x0000000019548800 flushing nmethod 0x0000000004602e10
Event: 3451.018 Thread 0x0000000019548800 flushing nmethod 0x000000000462b950
Event: 3451.018 Thread 0x0000000019548800 flushing nmethod 0x0000000004630a10
Event: 3451.018 Thread 0x0000000019548800 flushing nmethod 0x0000000004659dd0
Event: 3451.019 Thread 0x0000000019548800 flushing nmethod 0x00000000046cdb50
Event: 3451.019 Thread 0x0000000019548800 flushing nmethod 0x00000000046f8f90
Event: 3451.033 Thread 0x0000000019548800 flushing nmethod 0x000000000484c550


Dynamic libraries:
0x00007ff6d7280000 - 0x00007ff6d72b1000 	C:\Program Files\Android\Android Studio\jre\bin\java.exe
0x00007ffefe270000 - 0x00007ffefe466000 	C:\WINDOWS\SYSTEM32\ntdll.dll
0x00007ffefdd20000 - 0x00007ffefdddd000 	C:\WINDOWS\System32\KERNEL32.DLL
0x00007ffefbea0000 - 0x00007ffefc169000 	C:\WINDOWS\System32\KERNELBASE.dll
0x00007ffefc6d0000 - 0x00007ffefc77c000 	C:\WINDOWS\System32\ADVAPI32.dll
0x00007ffefe190000 - 0x00007ffefe22e000 	C:\WINDOWS\System32\msvcrt.dll
0x00007ffefd040000 - 0x00007ffefd0dc000 	C:\WINDOWS\System32\sechost.dll
0x00007ffefdf80000 - 0x00007ffefe0ab000 	C:\WINDOWS\System32\RPCRT4.dll
0x00007ffefcdf0000 - 0x00007ffefcf90000 	C:\WINDOWS\System32\USER32.dll
0x00007ffefc300000 - 0x00007ffefc322000 	C:\WINDOWS\System32\win32u.dll
0x00007ffefcf90000 - 0x00007ffefcfba000 	C:\WINDOWS\System32\GDI32.dll
0x00007ffefba70000 - 0x00007ffefbb7b000 	C:\WINDOWS\System32\gdi32full.dll
0x00007ffefbe00000 - 0x00007ffefbe9d000 	C:\WINDOWS\System32\msvcp_win.dll
0x00007ffefbd00000 - 0x00007ffefbe00000 	C:\WINDOWS\System32\ucrtbase.dll
0x00007ffef2640000 - 0x00007ffef28db000 	C:\WINDOWS\WinSxS\amd64_microsoft.windows.common-controls_6595b64144ccf1df_6.0.19041.746_none_ca02b4b61b8320a4\COMCTL32.dll
0x00007ffefcbf0000 - 0x00007ffefcc20000 	C:\WINDOWS\System32\IMM32.DLL
0x000000005f3d0000 - 0x000000005f4a2000 	C:\Program Files\Android\Android Studio\jre\jre\bin\msvcr100.dll
0x000000005fc30000 - 0x000000006047b000 	C:\Program Files\Android\Android Studio\jre\jre\bin\server\jvm.dll
0x00007ffefdde0000 - 0x00007ffefdde8000 	C:\WINDOWS\System32\PSAPI.DLL
0x00007ffeea2e0000 - 0x00007ffeea2e9000 	C:\WINDOWS\SYSTEM32\WSOCK32.dll
0x00007ffeef320000 - 0x00007ffeef347000 	C:\WINDOWS\SYSTEM32\WINMM.dll
0x00007ffefcfd0000 - 0x00007ffefd03b000 	C:\WINDOWS\System32\WS2_32.dll
0x00007ffef30c0000 - 0x00007ffef30ca000 	C:\WINDOWS\SYSTEM32\VERSION.dll
0x00007ffeeb4e0000 - 0x00007ffeeb4ef000 	C:\Program Files\Android\Android Studio\jre\jre\bin\verify.dll
0x00007ffed96c0000 - 0x00007ffed96e9000 	C:\Program Files\Android\Android Studio\jre\jre\bin\java.dll
0x00007ffedac00000 - 0x00007ffedac16000 	C:\Program Files\Android\Android Studio\jre\jre\bin\zip.dll
0x00007ffefd570000 - 0x00007ffefdcb2000 	C:\WINDOWS\System32\SHELL32.dll
0x00007ffef9930000 - 0x00007ffefa0c0000 	C:\WINDOWS\SYSTEM32\windows.storage.dll
0x00007ffefd0e0000 - 0x00007ffefd436000 	C:\WINDOWS\System32\combase.dll
0x00007ffefb3a0000 - 0x00007ffefb3cc000 	C:\WINDOWS\SYSTEM32\Wldp.dll
0x00007ffefcc20000 - 0x00007ffefccce000 	C:\WINDOWS\System32\SHCORE.dll
0x00007ffefdf00000 - 0x00007ffefdf55000 	C:\WINDOWS\System32\shlwapi.dll
0x00007ffefb940000 - 0x00007ffefb966000 	C:\WINDOWS\SYSTEM32\profapi.dll
0x00007ffef73b0000 - 0x00007ffef73ca000 	C:\Program Files\Android\Android Studio\jre\jre\bin\net.dll
0x00007ffefb120000 - 0x00007ffefb18a000 	C:\WINDOWS\system32\mswsock.dll
0x00007ffeed4e0000 - 0x00007ffeed4f3000 	C:\Program Files\Android\Android Studio\jre\jre\bin\nio.dll
0x00007ffedec00000 - 0x00007ffedec26000 	C:\Users\Matheus\.gradle\native\31\windows-amd64\native-platform.dll
0x00007ffef7530000 - 0x00007ffef753d000 	C:\Program Files\Android\Android Studio\jre\jre\bin\management.dll
0x00007ffefb2f0000 - 0x00007ffefb308000 	C:\WINDOWS\SYSTEM32\CRYPTSP.dll
0x00007ffefaac0000 - 0x00007ffefaaf4000 	C:\WINDOWS\system32\rsaenh.dll
0x00007ffefc2d0000 - 0x00007ffefc2f7000 	C:\WINDOWS\System32\bcrypt.dll
0x00007ffefb8c0000 - 0x00007ffefb8ee000 	C:\WINDOWS\SYSTEM32\USERENV.dll
0x00007ffefbbd0000 - 0x00007ffefbc50000 	C:\WINDOWS\System32\bcryptprimitives.dll
0x00007ffefae10000 - 0x00007ffefae4b000 	C:\WINDOWS\SYSTEM32\IPHLPAPI.DLL
0x00007ffefcfc0000 - 0x00007ffefcfc8000 	C:\WINDOWS\System32\NSI.dll
0x00007ffef3610000 - 0x00007ffef3627000 	C:\WINDOWS\SYSTEM32\dhcpcsvc6.DLL
0x00007ffef33a0000 - 0x00007ffef33bd000 	C:\WINDOWS\SYSTEM32\dhcpcsvc.DLL
0x00007ffefae50000 - 0x00007ffefaf1b000 	C:\WINDOWS\SYSTEM32\DNSAPI.dll
0x00007ffeb98b0000 - 0x00007ffeb9a4c000 	C:\Program Files\Android\Android Studio\jre\jre\bin\awt.dll
0x00007ffefc330000 - 0x00007ffefc3fd000 	C:\WINDOWS\System32\OLEAUT32.dll
0x00007ffef9210000 - 0x00007ffef923f000 	C:\WINDOWS\SYSTEM32\dwmapi.dll
0x00007ffef7ed0000 - 0x00007ffef8490000 	C:\WINDOWS\SYSTEM32\d2d1.dll
0x00007ffef9090000 - 0x00007ffef9120000 	C:\WINDOWS\SYSTEM32\apphelp.dll
0x00007ffef9140000 - 0x00007ffef91de000 	C:\WINDOWS\system32\uxtheme.dll

VM Arguments:
jvm_args: -Xmx2048m -Dfile.encoding=windows-1252 -Duser.country=BR -Duser.language=pt -Duser.variant 
java_command: org.gradle.launcher.daemon.bootstrap.GradleDaemon 6.1.1
java_class_path (initial): C:\Users\Matheus\.gradle\wrapper\dists\gradle-6.1.1-all\cfmwm155h49vnt3hynmlrsdst\gradle-6.1.1\lib\gradle-launcher-6.1.1.jar
Launcher Type: SUN_STANDARD

Environment Variables:
PATH=C:\Program Files\Common Files\Oracle\Java\javapath;C:\Program Files\AdoptOpenJDK\jdk-11.0.8.10-hotspot\bin;C:\Inprise\vbroker\bin;;C:\Program Files\Microsoft VS Code\bin;C:\Users\Matheus\Documents\Mongodb;C:\WINDOWS\system32;C:\WINDOWS;C:\WINDOWS\System32\Wbem;C:\WINDOWS\System32\WindowsPowerShell\v1.0\;C:\WINDOWS\System32\OpenSSH\;;C:\Users\Matheus\Desktop\Microsoft VS Code\bin;C:\Program Files\MongoDB\Server\4.2\bin;java_home;C:\Users\Matheus\AppData\Roaming\npm\MySQL56;%USERPROFILE%\AppData\Local\Microsoft\WindowsApps
USERNAME=Matheus Ferreira
OS=Windows_NT
PROCESSOR_IDENTIFIER=Intel64 Family 6 Model 69 Stepping 1, GenuineIntel



---------------  S Y S T E M  ---------------

OS: Windows 10.0 , 64 bit Build 19041 (10.0.19041.804)

CPU:total 4 (initial active 4) (2 cores per cpu, 2 threads per core) family 6 model 69 stepping 1, cmov, cx8, fxsr, mmx, sse, sse2, sse3, ssse3, sse4.1, sse4.2, popcnt, avx, avx2, aes, clmul, erms, lzcnt, ht, tsc, tscinvbit, bmi1, bmi2

Memory: 4k page, physical 4108560k(263508k free), swap 8204560k(5636k free)

vm_info: OpenJDK 64-Bit Server VM (25.242-b01) for windows-amd64 JRE (1.8.0_242-release-1644-b01), built by "builder" with MS VC++ 10.0 (VS2010)

time: Sat Feb 20 15:06:14 2021
timezone: Hora oficial do Brasil
elapsed time: 3451 seconds (0d 0h 57m 31s)

